TN:
SF:controllers\restaurantController.js
FN:4,(anonymous_0)
FN:21,(anonymous_1)
FN:32,(anonymous_2)
FN:33,(anonymous_3)
FN:54,(anonymous_4)
FN:58,(anonymous_5)
FN:69,(anonymous_6)
FN:83,(anonymous_7)
FN:103,(anonymous_8)
FN:105,(anonymous_9)
FNF:10
FNH:10
FNDA:10,(anonymous_0)
FNDA:11,(anonymous_1)
FNDA:5,(anonymous_2)
FNDA:5,(anonymous_3)
FNDA:2,(anonymous_4)
FNDA:1,(anonymous_5)
FNDA:3,(anonymous_6)
FNDA:3,(anonymous_7)
FNDA:2,(anonymous_8)
FNDA:2,(anonymous_9)
DA:1,1
DA:2,1
DA:4,1
DA:5,10
DA:6,10
DA:8,10
DA:9,10
DA:13,10
DA:14,3
DA:17,7
DA:21,1
DA:22,11
DA:23,11
DA:24,11
DA:25,1
DA:27,10
DA:28,5
DA:30,5
DA:32,5
DA:33,5
DA:45,5
DA:46,3
DA:49,2
DA:50,2
DA:54,1
DA:55,2
DA:56,2
DA:57,2
DA:58,1
DA:62,1
DA:64,1
DA:65,1
DA:69,1
DA:70,3
DA:71,3
DA:72,3
DA:73,2
DA:74,1
DA:76,1
DA:78,1
DA:79,1
DA:83,1
DA:84,3
DA:85,3
DA:86,3
DA:88,3
DA:89,3
DA:90,1
DA:92,2
DA:93,2
DA:94,2
DA:95,2
DA:98,2
DA:99,2
DA:100,2
DA:101,2
DA:102,2
DA:103,2
DA:105,2
DA:106,2
DA:107,1
DA:109,1
DA:110,1
DA:115,1
LF:64
LH:64
BRDA:13,0,0,3
BRDA:13,0,1,7
BRDA:24,1,0,1
BRDA:24,1,1,10
BRDA:24,2,0,11
BRDA:24,2,1,10
BRDA:27,3,0,5
BRDA:27,3,1,5
BRDA:73,4,0,1
BRDA:73,4,1,1
BRDA:89,5,0,1
BRDA:89,5,1,2
BRF:12
BRH:12
end_of_record
TN:
SF:controllers\userController.js
FN:11,(anonymous_0)
FN:15,isDomainValid
FN:16,(anonymous_2)
FN:18,(anonymous_3)
FN:28,(anonymous_4)
FN:70,(anonymous_5)
FN:96,(anonymous_6)
FN:120,(anonymous_7)
FN:152,(anonymous_8)
FN:174,(anonymous_9)
FN:189,(anonymous_10)
FN:220,(anonymous_11)
FNF:12
FNH:12
FNDA:2,(anonymous_0)
FNDA:4,isDomainValid
FNDA:4,(anonymous_2)
FNDA:4,(anonymous_3)
FNDA:5,(anonymous_4)
FNDA:2,(anonymous_5)
FNDA:4,(anonymous_6)
FNDA:6,(anonymous_7)
FNDA:3,(anonymous_8)
FNDA:2,(anonymous_9)
FNDA:4,(anonymous_10)
FNDA:5,(anonymous_11)
DA:1,1
DA:2,1
DA:3,1
DA:4,1
DA:5,1
DA:6,1
DA:7,1
DA:8,1
DA:9,1
DA:11,1
DA:12,2
DA:16,4
DA:17,4
DA:18,4
DA:19,4
DA:20,1
DA:22,3
DA:28,1
DA:29,5
DA:30,5
DA:31,5
DA:33,5
DA:34,1
DA:37,4
DA:38,4
DA:39,1
DA:41,3
DA:42,1
DA:45,2
DA:51,2
DA:54,1
DA:59,1
DA:61,1
DA:64,1
DA:65,1
DA:70,1
DA:71,2
DA:72,2
DA:81,1
DA:82,1
DA:89,1
DA:90,1
DA:92,1
DA:96,1
DA:97,4
DA:98,4
DA:99,4
DA:100,3
DA:101,3
DA:107,3
DA:108,1
DA:110,2
DA:112,2
DA:114,1
DA:115,1
DA:120,1
DA:121,6
DA:122,6
DA:123,6
DA:124,5
DA:125,1
DA:128,4
DA:129,1
DA:131,3
DA:132,1
DA:136,2
DA:137,2
DA:138,1
DA:140,1
DA:143,1
DA:144,1
DA:146,1
DA:147,1
DA:152,1
DA:153,3
DA:155,3
DA:166,2
DA:174,2
DA:175,2
DA:176,1
DA:179,1
DA:183,1
DA:184,1
DA:185,1
DA:189,1
DA:190,4
DA:191,4
DA:192,4
DA:194,4
DA:195,1
DA:197,3
DA:198,1
DA:200,2
DA:201,2
DA:202,1
DA:203,1
DA:207,1
DA:210,1
DA:211,1
DA:214,1
DA:215,1
DA:220,1
DA:221,5
DA:222,5
DA:223,5
DA:224,5
DA:225,4
DA:226,4
DA:227,1
DA:229,3
DA:230,3
DA:231,1
DA:233,2
DA:234,2
DA:235,1
DA:236,1
DA:239,1
DA:243,1
DA:244,1
DA:248,1
LF:120
LH:120
BRDA:12,0,0,2
BRDA:12,0,1,1
BRDA:19,1,0,1
BRDA:19,1,1,3
BRDA:19,2,0,4
BRDA:19,2,1,4
BRDA:19,2,2,4
BRDA:33,3,0,1
BRDA:33,3,1,4
BRDA:38,4,0,1
BRDA:38,4,1,3
BRDA:41,5,0,1
BRDA:41,5,1,2
BRDA:107,6,0,1
BRDA:107,6,1,2
BRDA:110,7,0,1
BRDA:110,7,1,1
BRDA:124,8,0,1
BRDA:124,8,1,4
BRDA:128,9,0,1
BRDA:128,9,1,3
BRDA:131,10,0,1
BRDA:131,10,1,2
BRDA:137,11,0,1
BRDA:137,11,1,1
BRDA:175,12,0,1
BRDA:175,12,1,1
BRDA:194,13,0,1
BRDA:194,13,1,3
BRDA:197,14,0,1
BRDA:197,14,1,2
BRDA:197,15,0,3
BRDA:197,15,1,1
BRDA:197,15,2,2
BRDA:197,15,3,2
BRDA:201,16,0,1
BRDA:201,16,1,1
BRDA:224,17,0,4
BRDA:224,17,1,1
BRDA:226,18,0,1
BRDA:226,18,1,3
BRDA:230,19,0,1
BRDA:230,19,1,2
BRF:43
BRH:43
end_of_record
